2016/11/15 02:01:29 [error] [exception.CException] CException: Property "MarenasaPromociones.id_categoria" is not defined. in C:\xampp\htdocs\yii\framework\base\CComponent.php:130
Stack trace:
#0 C:\xampp\htdocs\yii\framework\db\ar\CActiveRecord.php(145): CComponent->__get('id_categoria')
#1 C:\xampp\htdocs\yii\framework\base\CComponent.php(612) : eval()'d code(1): CActiveRecord->__get('id_categoria')
#2 C:\xampp\htdocs\yii\framework\base\CComponent.php(612): eval()
#3 C:\xampp\htdocs\yii\framework\zii\widgets\grid\CDataColumn.php(142): CComponent->evaluateExpression('MarenasaPromoci...', Array)
#4 C:\xampp\htdocs\yii\framework\zii\widgets\grid\CGridColumn.php(231): CDataColumn->getDataCellContent(0)
#5 C:\xampp\htdocs\yii\framework\zii\widgets\grid\CGridColumn.php(154): CGridColumn->renderDataCellContent(0, Object(MarenasaPromociones))
#6 C:\xampp\htdocs\yii\framework\zii\widgets\grid\CGridView.php(638): CGridColumn->renderDataCell(0)
#7 C:\xampp\htdocs\yii\framework\zii\widgets\grid\CGridView.php(622): CGridView->renderDataCell(Object(TbDataColumn), 0)
#8 C:\xampp\htdocs\yii\framework\zii\widgets\grid\CGridView.php(578): CGridView->renderTableRow(0)
#9 C:\xampp\htdocs\yii\framework\zii\widgets\grid\CGridView.php(488): CGridView->renderTableBody()
#10 C:\xampp\htdocs\yii\framework\zii\widgets\CBaseListView.php(181): CGridView->renderItems()
#11 [internal function]: CBaseListView->renderSection(Array)
#12 C:\xampp\htdocs\yii\framework\zii\widgets\CBaseListView.php(164): preg_replace_callback('/{(\\w+)}/', Array, '{summary}\n{item...')
#13 C:\xampp\htdocs\yii\framework\zii\widgets\CBaseListView.php(149): CBaseListView->renderContent()
#14 C:\xampp\htdocs\yii\framework\web\CBaseController.php(181): CBaseListView->run()
#15 C:\xampp\htdocs\marenasa\protected\modules\ycm\views\model\list.php(97): CBaseController->widget('bootstrap.widge...', Array)
#16 C:\xampp\htdocs\yii\framework\web\CBaseController.php(126): require('C:\\xampp\\htdocs...')
#17 C:\xampp\htdocs\yii\framework\web\CBaseController.php(95): CBaseController->renderInternal('C:\\xampp\\htdocs...', Array, true)
#18 C:\xampp\htdocs\yii\framework\web\CController.php(869): CBaseController->renderFile('C:\\xampp\\htdocs...', Array, true)
#19 C:\xampp\htdocs\yii\framework\web\CController.php(782): CController->renderPartial('list', Array, true)
#20 C:\xampp\htdocs\marenasa\protected\modules\ycm\controllers\ModelController.php(255): CController->render('list', Array)
#21 [internal function]: ModelController->actionList('MarenasaPromoci...')
#22 C:\xampp\htdocs\yii\framework\web\actions\CAction.php(109): ReflectionMethod->invokeArgs(Object(ModelController), Array)
#23 C:\xampp\htdocs\yii\framework\web\actions\CInlineAction.php(47): CAction->runWithParamsInternal(Object(ModelController), Object(ReflectionMethod), Array)
#24 C:\xampp\htdocs\yii\framework\web\CController.php(308): CInlineAction->runWithParams(Array)
#25 C:\xampp\htdocs\yii\framework\web\CController.php(286): CController->runAction(Object(CInlineAction))
#26 C:\xampp\htdocs\yii\framework\web\CController.php(265): CController->runActionWithFilters(Object(CInlineAction), Array)
#27 C:\xampp\htdocs\yii\framework\web\CWebApplication.php(282): CController->run('list')
#28 C:\xampp\htdocs\yii\framework\web\CWebApplication.php(141): CWebApplication->runController('ycm/model/list/...')
#29 C:\xampp\htdocs\yii\framework\base\CApplication.php(184): CWebApplication->processRequest()
#30 C:\xampp\htdocs\marenasa\index.php(13): CApplication->run()
#31 {main}
REQUEST_URI=/marenasa/index.php/ycm/model/list/name/MarenasaPromociones
HTTP_REFERER=http://localhost/marenasa/index.php/ycm/model/create/name/MarenasaPromociones
---
2016/11/15 19:48:14 [error] [system.db.CDbCommand] CDbCommand::fetchAll() failed: SQLSTATE[42S02]: Base table or view not found: 1146 Table 'marenasa.marenasa_promociones' doesn't exist. The SQL statement executed was: SHOW FULL COLUMNS FROM `marenasa_promociones`.
in /Applications/XAMPP/xamppfiles/htdocs/marenasa/protected/modules/ycm/YcmModule.php (743)
in /Applications/XAMPP/xamppfiles/htdocs/marenasa/protected/modules/ycm/views/default/index.php (14)
in /Applications/XAMPP/xamppfiles/htdocs/marenasa/protected/modules/ycm/controllers/DefaultController.php (12)
2016/11/15 19:48:14 [error] [exception.CDbException] exception 'CDbException' with message 'The table "marenasa_promociones" for active record class "MarenasaPromociones" cannot be found in the database.' in /Applications/XAMPP/xamppfiles/htdocs/yii/framework/db/ar/CActiveRecord.php:2385
Stack trace:
#0 /Applications/XAMPP/xamppfiles/htdocs/yii/framework/db/ar/CActiveRecord.php(411): CActiveRecordMetaData->__construct(Object(MarenasaPromociones))
#1 /Applications/XAMPP/xamppfiles/htdocs/yii/framework/db/ar/CActiveRecord.php(79): CActiveRecord->getMetaData()
#2 /Applications/XAMPP/xamppfiles/htdocs/marenasa/protected/modules/ycm/YcmModule.php(743): CActiveRecord->__construct()
#3 /Applications/XAMPP/xamppfiles/htdocs/marenasa/protected/modules/ycm/views/default/index.php(14): YcmModule->getAdminName('MarenasaPromoci...')
#4 /Applications/XAMPP/xamppfiles/htdocs/yii/framework/web/CBaseController.php(126): require('/Applications/X...')
#5 /Applications/XAMPP/xamppfiles/htdocs/yii/framework/web/CBaseController.php(95): CBaseController->renderInternal('/Applications/X...', Array, true)
#6 /Applications/XAMPP/xamppfiles/htdocs/yii/framework/web/CController.php(869): CBaseController->renderFile('/Applications/X...', Array, true)
#7 /Applications/XAMPP/xamppfiles/htdocs/yii/framework/web/CController.php(782): CController->renderPartial('index', Array, true)
#8 /Applications/XAMPP/xamppfiles/htdocs/marenasa/protected/modules/ycm/controllers/DefaultController.php(12): CController->render('index', Array)
#9 /Applications/XAMPP/xamppfiles/htdocs/yii/framework/web/actions/CInlineAction.php(49): DefaultController->actionIndex()
#10 /Applications/XAMPP/xamppfiles/htdocs/yii/framework/web/CController.php(308): CInlineAction->runWithParams(Array)
#11 /Applications/XAMPP/xamppfiles/htdocs/yii/framework/web/CController.php(286): CController->runAction(Object(CInlineAction))
#12 /Applications/XAMPP/xamppfiles/htdocs/yii/framework/web/CController.php(265): CController->runActionWithFilters(Object(CInlineAction), Array)
#13 /Applications/XAMPP/xamppfiles/htdocs/yii/framework/web/CWebApplication.php(282): CController->run('')
#14 /Applications/XAMPP/xamppfiles/htdocs/yii/framework/web/CWebApplication.php(141): CWebApplication->runController('ycm')
#15 /Applications/XAMPP/xamppfiles/htdocs/yii/framework/base/CApplication.php(184): CWebApplication->processRequest()
#16 /Applications/XAMPP/xamppfiles/htdocs/marenasa/index.php(13): CApplication->run()
#17 {main}
REQUEST_URI=/marenasa/index.php/ycm
HTTP_REFERER=http://localhost/marenasa/index.php/ycm/default/login
---
2016/11/15 19:59:46 [error] [php] move_uploaded_file(/Applications/XAMPP/xamppfiles/htdocs/marenasa/uploads/marenasaproductomarcas/logo/b29d6153a7b143c23549dac53944a4e4.jpg): failed to open stream: Permission denied (/Applications/XAMPP/xamppfiles/htdocs/yii/framework/web/CUploadedFile.php:198)
Stack trace:
#0 unknown(0): ModelController->actionCreate()
#1 /Applications/XAMPP/xamppfiles/htdocs/yii/framework/web/actions/CAction.php(109): ReflectionMethod->invokeArgs()
#2 /Applications/XAMPP/xamppfiles/htdocs/yii/framework/web/actions/CInlineAction.php(47): CInlineAction->runWithParamsInternal()
#3 /Applications/XAMPP/xamppfiles/htdocs/yii/framework/web/CController.php(308): CInlineAction->runWithParams()
#4 /Applications/XAMPP/xamppfiles/htdocs/yii/framework/web/CController.php(286): ModelController->runAction()
#5 /Applications/XAMPP/xamppfiles/htdocs/yii/framework/web/CController.php(265): ModelController->runActionWithFilters()
#6 /Applications/XAMPP/xamppfiles/htdocs/yii/framework/web/CWebApplication.php(282): ModelController->run()
#7 /Applications/XAMPP/xamppfiles/htdocs/yii/framework/web/CWebApplication.php(141): CWebApplication->runController()
#8 /Applications/XAMPP/xamppfiles/htdocs/yii/framework/base/CApplication.php(184): CWebApplication->processRequest()
#9 /Applications/XAMPP/xamppfiles/htdocs/marenasa/index.php(13): CWebApplication->run()
REQUEST_URI=/marenasa/index.php/ycm/model/create/name/MarenasaProductoMarcas
in /Applications/XAMPP/xamppfiles/htdocs/marenasa/protected/modules/ycm/controllers/ModelController.php (291)
in /Applications/XAMPP/xamppfiles/htdocs/marenasa/index.php (13)
2016/11/15 20:00:33 [error] [php] move_uploaded_file(/Applications/XAMPP/xamppfiles/htdocs/marenasa/uploads/marenasaproductomarcas/logo/dfc4ae1bf54df94a67f2df38b21e42fe.jpg): failed to open stream: Permission denied (/Applications/XAMPP/xamppfiles/htdocs/yii/framework/web/CUploadedFile.php:198)
Stack trace:
#0 unknown(0): ModelController->actionCreate()
#1 /Applications/XAMPP/xamppfiles/htdocs/yii/framework/web/actions/CAction.php(109): ReflectionMethod->invokeArgs()
#2 /Applications/XAMPP/xamppfiles/htdocs/yii/framework/web/actions/CInlineAction.php(47): CInlineAction->runWithParamsInternal()
#3 /Applications/XAMPP/xamppfiles/htdocs/yii/framework/web/CController.php(308): CInlineAction->runWithParams()
#4 /Applications/XAMPP/xamppfiles/htdocs/yii/framework/web/CController.php(286): ModelController->runAction()
#5 /Applications/XAMPP/xamppfiles/htdocs/yii/framework/web/CController.php(265): ModelController->runActionWithFilters()
#6 /Applications/XAMPP/xamppfiles/htdocs/yii/framework/web/CWebApplication.php(282): ModelController->run()
#7 /Applications/XAMPP/xamppfiles/htdocs/yii/framework/web/CWebApplication.php(141): CWebApplication->runController()
#8 /Applications/XAMPP/xamppfiles/htdocs/yii/framework/base/CApplication.php(184): CWebApplication->processRequest()
#9 /Applications/XAMPP/xamppfiles/htdocs/marenasa/index.php(13): CWebApplication->run()
REQUEST_URI=/marenasa/index.php/ycm/model/create/name/MarenasaProductoMarcas
in /Applications/XAMPP/xamppfiles/htdocs/marenasa/protected/modules/ycm/controllers/ModelController.php (291)
in /Applications/XAMPP/xamppfiles/htdocs/marenasa/index.php (13)
2016/11/15 20:00:42 [error] [php] move_uploaded_file(/Applications/XAMPP/xamppfiles/htdocs/marenasa/uploads/marenasaproductomarcas/logo/4b5789d3a43e7fafb48b51cc643e7a8f.jpg): failed to open stream: Permission denied (/Applications/XAMPP/xamppfiles/htdocs/yii/framework/web/CUploadedFile.php:198)
Stack trace:
#0 unknown(0): ModelController->actionCreate()
#1 /Applications/XAMPP/xamppfiles/htdocs/yii/framework/web/actions/CAction.php(109): ReflectionMethod->invokeArgs()
#2 /Applications/XAMPP/xamppfiles/htdocs/yii/framework/web/actions/CInlineAction.php(47): CInlineAction->runWithParamsInternal()
#3 /Applications/XAMPP/xamppfiles/htdocs/yii/framework/web/CController.php(308): CInlineAction->runWithParams()
#4 /Applications/XAMPP/xamppfiles/htdocs/yii/framework/web/CController.php(286): ModelController->runAction()
#5 /Applications/XAMPP/xamppfiles/htdocs/yii/framework/web/CController.php(265): ModelController->runActionWithFilters()
#6 /Applications/XAMPP/xamppfiles/htdocs/yii/framework/web/CWebApplication.php(282): ModelController->run()
#7 /Applications/XAMPP/xamppfiles/htdocs/yii/framework/web/CWebApplication.php(141): CWebApplication->runController()
#8 /Applications/XAMPP/xamppfiles/htdocs/yii/framework/base/CApplication.php(184): CWebApplication->processRequest()
#9 /Applications/XAMPP/xamppfiles/htdocs/marenasa/index.php(13): CWebApplication->run()
REQUEST_URI=/marenasa/index.php/ycm/model/create/name/MarenasaProductoMarcas
in /Applications/XAMPP/xamppfiles/htdocs/marenasa/protected/modules/ycm/controllers/ModelController.php (291)
in /Applications/XAMPP/xamppfiles/htdocs/marenasa/index.php (13)
2016/11/15 20:01:47 [error] [php] move_uploaded_file(/Applications/XAMPP/xamppfiles/htdocs/marenasa/uploads/marenasaproductomarcas/logo/7f6d24a25f3b7b1e06d8a457a0e9e479.jpg): failed to open stream: Permission denied (/Applications/XAMPP/xamppfiles/htdocs/yii/framework/web/CUploadedFile.php:198)
Stack trace:
#0 unknown(0): ModelController->actionCreate()
#1 /Applications/XAMPP/xamppfiles/htdocs/yii/framework/web/actions/CAction.php(109): ReflectionMethod->invokeArgs()
#2 /Applications/XAMPP/xamppfiles/htdocs/yii/framework/web/actions/CInlineAction.php(47): CInlineAction->runWithParamsInternal()
#3 /Applications/XAMPP/xamppfiles/htdocs/yii/framework/web/CController.php(308): CInlineAction->runWithParams()
#4 /Applications/XAMPP/xamppfiles/htdocs/yii/framework/web/CController.php(286): ModelController->runAction()
#5 /Applications/XAMPP/xamppfiles/htdocs/yii/framework/web/CController.php(265): ModelController->runActionWithFilters()
#6 /Applications/XAMPP/xamppfiles/htdocs/yii/framework/web/CWebApplication.php(282): ModelController->run()
#7 /Applications/XAMPP/xamppfiles/htdocs/yii/framework/web/CWebApplication.php(141): CWebApplication->runController()
#8 /Applications/XAMPP/xamppfiles/htdocs/yii/framework/base/CApplication.php(184): CWebApplication->processRequest()
#9 /Applications/XAMPP/xamppfiles/htdocs/marenasa/index.php(13): CWebApplication->run()
REQUEST_URI=/marenasa/index.php/ycm/model/create/name/MarenasaProductoMarcas
in /Applications/XAMPP/xamppfiles/htdocs/marenasa/protected/modules/ycm/controllers/ModelController.php (291)
in /Applications/XAMPP/xamppfiles/htdocs/marenasa/index.php (13)
2016/11/15 20:38:35 [error] [exception.CException] exception 'CException' with message 'Property "MarenasaProductoMarcas.imagen" is not defined.' in /Applications/XAMPP/xamppfiles/htdocs/yii/framework/base/CComponent.php:130
Stack trace:
#0 /Applications/XAMPP/xamppfiles/htdocs/yii/framework/db/ar/CActiveRecord.php(145): CComponent->__get('imagen')
#1 /Applications/XAMPP/xamppfiles/htdocs/yii/framework/base/CModel.php(596): CActiveRecord->__get('imagen')
#2 /Applications/XAMPP/xamppfiles/htdocs/marenasa/protected/views/productos/index.php(39): CModel->offsetGet('imagen')
#3 /Applications/XAMPP/xamppfiles/htdocs/yii/framework/web/CBaseController.php(126): require('/Applications/X...')
#4 /Applications/XAMPP/xamppfiles/htdocs/yii/framework/web/CBaseController.php(95): CBaseController->renderInternal('/Applications/X...', Array, true)
#5 /Applications/XAMPP/xamppfiles/htdocs/yii/framework/web/CController.php(869): CBaseController->renderFile('/Applications/X...', Array, true)
#6 /Applications/XAMPP/xamppfiles/htdocs/yii/framework/web/CController.php(782): CController->renderPartial('index', Array, true)
#7 /Applications/XAMPP/xamppfiles/htdocs/marenasa/protected/controllers/ProductosController.php(8): CController->render('index', Array)
#8 /Applications/XAMPP/xamppfiles/htdocs/yii/framework/web/actions/CInlineAction.php(49): ProductosController->actionIndex()
#9 /Applications/XAMPP/xamppfiles/htdocs/yii/framework/web/CController.php(308): CInlineAction->runWithParams(Array)
#10 /Applications/XAMPP/xamppfiles/htdocs/yii/framework/web/CController.php(286): CController->runAction(Object(CInlineAction))
#11 /Applications/XAMPP/xamppfiles/htdocs/yii/framework/web/CController.php(265): CController->runActionWithFilters(Object(CInlineAction), Array)
#12 /Applications/XAMPP/xamppfiles/htdocs/yii/framework/web/CWebApplication.php(282): CController->run('')
#13 /Applications/XAMPP/xamppfiles/htdocs/yii/framework/web/CWebApplication.php(141): CWebApplication->runController('productos')
#14 /Applications/XAMPP/xamppfiles/htdocs/yii/framework/base/CApplication.php(184): CWebApplication->processRequest()
#15 /Applications/XAMPP/xamppfiles/htdocs/marenasa/index.php(13): CApplication->run()
#16 {main}
REQUEST_URI=/marenasa/index.php/productos
---
2016/11/15 20:40:53 [error] [exception.CException] exception 'CException' with message 'Property "MarenasaProductoMarcas.imagen" is not defined.' in /Applications/XAMPP/xamppfiles/htdocs/yii/framework/base/CComponent.php:130
Stack trace:
#0 /Applications/XAMPP/xamppfiles/htdocs/yii/framework/db/ar/CActiveRecord.php(145): CComponent->__get('imagen')
#1 /Applications/XAMPP/xamppfiles/htdocs/yii/framework/base/CModel.php(596): CActiveRecord->__get('imagen')
#2 /Applications/XAMPP/xamppfiles/htdocs/marenasa/protected/views/productos/index.php(39): CModel->offsetGet('imagen')
#3 /Applications/XAMPP/xamppfiles/htdocs/yii/framework/web/CBaseController.php(126): require('/Applications/X...')
#4 /Applications/XAMPP/xamppfiles/htdocs/yii/framework/web/CBaseController.php(95): CBaseController->renderInternal('/Applications/X...', Array, true)
#5 /Applications/XAMPP/xamppfiles/htdocs/yii/framework/web/CController.php(869): CBaseController->renderFile('/Applications/X...', Array, true)
#6 /Applications/XAMPP/xamppfiles/htdocs/yii/framework/web/CController.php(782): CController->renderPartial('index', Array, true)
#7 /Applications/XAMPP/xamppfiles/htdocs/marenasa/protected/controllers/ProductosController.php(8): CController->render('index', Array)
#8 /Applications/XAMPP/xamppfiles/htdocs/yii/framework/web/actions/CInlineAction.php(49): ProductosController->actionIndex()
#9 /Applications/XAMPP/xamppfiles/htdocs/yii/framework/web/CController.php(308): CInlineAction->runWithParams(Array)
#10 /Applications/XAMPP/xamppfiles/htdocs/yii/framework/web/CController.php(286): CController->runAction(Object(CInlineAction))
#11 /Applications/XAMPP/xamppfiles/htdocs/yii/framework/web/CController.php(265): CController->runActionWithFilters(Object(CInlineAction), Array)
#12 /Applications/XAMPP/xamppfiles/htdocs/yii/framework/web/CWebApplication.php(282): CController->run('')
#13 /Applications/XAMPP/xamppfiles/htdocs/yii/framework/web/CWebApplication.php(141): CWebApplication->runController('productos')
#14 /Applications/XAMPP/xamppfiles/htdocs/yii/framework/base/CApplication.php(184): CWebApplication->processRequest()
#15 /Applications/XAMPP/xamppfiles/htdocs/marenasa/index.php(13): CApplication->run()
#16 {main}
REQUEST_URI=/marenasa/index.php/productos
---
2016/11/15 20:40:55 [error] [exception.CException] exception 'CException' with message 'Property "MarenasaProductoMarcas.imagen" is not defined.' in /Applications/XAMPP/xamppfiles/htdocs/yii/framework/base/CComponent.php:130
Stack trace:
#0 /Applications/XAMPP/xamppfiles/htdocs/yii/framework/db/ar/CActiveRecord.php(145): CComponent->__get('imagen')
#1 /Applications/XAMPP/xamppfiles/htdocs/yii/framework/base/CModel.php(596): CActiveRecord->__get('imagen')
#2 /Applications/XAMPP/xamppfiles/htdocs/marenasa/protected/views/productos/index.php(39): CModel->offsetGet('imagen')
#3 /Applications/XAMPP/xamppfiles/htdocs/yii/framework/web/CBaseController.php(126): require('/Applications/X...')
#4 /Applications/XAMPP/xamppfiles/htdocs/yii/framework/web/CBaseController.php(95): CBaseController->renderInternal('/Applications/X...', Array, true)
#5 /Applications/XAMPP/xamppfiles/htdocs/yii/framework/web/CController.php(869): CBaseController->renderFile('/Applications/X...', Array, true)
#6 /Applications/XAMPP/xamppfiles/htdocs/yii/framework/web/CController.php(782): CController->renderPartial('index', Array, true)
#7 /Applications/XAMPP/xamppfiles/htdocs/marenasa/protected/controllers/ProductosController.php(8): CController->render('index', Array)
#8 /Applications/XAMPP/xamppfiles/htdocs/yii/framework/web/actions/CInlineAction.php(49): ProductosController->actionIndex()
#9 /Applications/XAMPP/xamppfiles/htdocs/yii/framework/web/CController.php(308): CInlineAction->runWithParams(Array)
#10 /Applications/XAMPP/xamppfiles/htdocs/yii/framework/web/CController.php(286): CController->runAction(Object(CInlineAction))
#11 /Applications/XAMPP/xamppfiles/htdocs/yii/framework/web/CController.php(265): CController->runActionWithFilters(Object(CInlineAction), Array)
#12 /Applications/XAMPP/xamppfiles/htdocs/yii/framework/web/CWebApplication.php(282): CController->run('')
#13 /Applications/XAMPP/xamppfiles/htdocs/yii/framework/web/CWebApplication.php(141): CWebApplication->runController('productos')
#14 /Applications/XAMPP/xamppfiles/htdocs/yii/framework/base/CApplication.php(184): CWebApplication->processRequest()
#15 /Applications/XAMPP/xamppfiles/htdocs/marenasa/index.php(13): CApplication->run()
#16 {main}
REQUEST_URI=/marenasa/index.php/productos
---
2016/11/15 20:42:21 [error] [exception.CException] exception 'CException' with message 'Property "MarenasaProductoMarcas.imagen" is not defined.' in /Applications/XAMPP/xamppfiles/htdocs/yii/framework/base/CComponent.php:130
Stack trace:
#0 /Applications/XAMPP/xamppfiles/htdocs/yii/framework/db/ar/CActiveRecord.php(145): CComponent->__get('imagen')
#1 /Applications/XAMPP/xamppfiles/htdocs/yii/framework/base/CModel.php(596): CActiveRecord->__get('imagen')
#2 /Applications/XAMPP/xamppfiles/htdocs/marenasa/protected/views/productos/index.php(39): CModel->offsetGet('imagen')
#3 /Applications/XAMPP/xamppfiles/htdocs/yii/framework/web/CBaseController.php(126): require('/Applications/X...')
#4 /Applications/XAMPP/xamppfiles/htdocs/yii/framework/web/CBaseController.php(95): CBaseController->renderInternal('/Applications/X...', Array, true)
#5 /Applications/XAMPP/xamppfiles/htdocs/yii/framework/web/CController.php(869): CBaseController->renderFile('/Applications/X...', Array, true)
#6 /Applications/XAMPP/xamppfiles/htdocs/yii/framework/web/CController.php(782): CController->renderPartial('index', Array, true)
#7 /Applications/XAMPP/xamppfiles/htdocs/marenasa/protected/controllers/ProductosController.php(8): CController->render('index', Array)
#8 /Applications/XAMPP/xamppfiles/htdocs/yii/framework/web/actions/CInlineAction.php(49): ProductosController->actionIndex()
#9 /Applications/XAMPP/xamppfiles/htdocs/yii/framework/web/CController.php(308): CInlineAction->runWithParams(Array)
#10 /Applications/XAMPP/xamppfiles/htdocs/yii/framework/web/CController.php(286): CController->runAction(Object(CInlineAction))
#11 /Applications/XAMPP/xamppfiles/htdocs/yii/framework/web/CController.php(265): CController->runActionWithFilters(Object(CInlineAction), Array)
#12 /Applications/XAMPP/xamppfiles/htdocs/yii/framework/web/CWebApplication.php(282): CController->run('')
#13 /Applications/XAMPP/xamppfiles/htdocs/yii/framework/web/CWebApplication.php(141): CWebApplication->runController('productos')
#14 /Applications/XAMPP/xamppfiles/htdocs/yii/framework/base/CApplication.php(184): CWebApplication->processRequest()
#15 /Applications/XAMPP/xamppfiles/htdocs/marenasa/index.php(13): CApplication->run()
#16 {main}
REQUEST_URI=/marenasa/index.php/productos
---
2016/11/15 20:42:22 [error] [exception.CException] exception 'CException' with message 'Property "MarenasaProductoMarcas.imagen" is not defined.' in /Applications/XAMPP/xamppfiles/htdocs/yii/framework/base/CComponent.php:130
Stack trace:
#0 /Applications/XAMPP/xamppfiles/htdocs/yii/framework/db/ar/CActiveRecord.php(145): CComponent->__get('imagen')
#1 /Applications/XAMPP/xamppfiles/htdocs/yii/framework/base/CModel.php(596): CActiveRecord->__get('imagen')
#2 /Applications/XAMPP/xamppfiles/htdocs/marenasa/protected/views/productos/index.php(39): CModel->offsetGet('imagen')
#3 /Applications/XAMPP/xamppfiles/htdocs/yii/framework/web/CBaseController.php(126): require('/Applications/X...')
#4 /Applications/XAMPP/xamppfiles/htdocs/yii/framework/web/CBaseController.php(95): CBaseController->renderInternal('/Applications/X...', Array, true)
#5 /Applications/XAMPP/xamppfiles/htdocs/yii/framework/web/CController.php(869): CBaseController->renderFile('/Applications/X...', Array, true)
#6 /Applications/XAMPP/xamppfiles/htdocs/yii/framework/web/CController.php(782): CController->renderPartial('index', Array, true)
#7 /Applications/XAMPP/xamppfiles/htdocs/marenasa/protected/controllers/ProductosController.php(8): CController->render('index', Array)
#8 /Applications/XAMPP/xamppfiles/htdocs/yii/framework/web/actions/CInlineAction.php(49): ProductosController->actionIndex()
#9 /Applications/XAMPP/xamppfiles/htdocs/yii/framework/web/CController.php(308): CInlineAction->runWithParams(Array)
#10 /Applications/XAMPP/xamppfiles/htdocs/yii/framework/web/CController.php(286): CController->runAction(Object(CInlineAction))
#11 /Applications/XAMPP/xamppfiles/htdocs/yii/framework/web/CController.php(265): CController->runActionWithFilters(Object(CInlineAction), Array)
#12 /Applications/XAMPP/xamppfiles/htdocs/yii/framework/web/CWebApplication.php(282): CController->run('')
#13 /Applications/XAMPP/xamppfiles/htdocs/yii/framework/web/CWebApplication.php(141): CWebApplication->runController('productos')
#14 /Applications/XAMPP/xamppfiles/htdocs/yii/framework/base/CApplication.php(184): CWebApplication->processRequest()
#15 /Applications/XAMPP/xamppfiles/htdocs/marenasa/index.php(13): CApplication->run()
#16 {main}
REQUEST_URI=/marenasa/index.php/productos
---
2016/11/15 20:42:24 [error] [exception.CException] exception 'CException' with message 'Property "MarenasaProductoMarcas.imagen" is not defined.' in /Applications/XAMPP/xamppfiles/htdocs/yii/framework/base/CComponent.php:130
Stack trace:
#0 /Applications/XAMPP/xamppfiles/htdocs/yii/framework/db/ar/CActiveRecord.php(145): CComponent->__get('imagen')
#1 /Applications/XAMPP/xamppfiles/htdocs/yii/framework/base/CModel.php(596): CActiveRecord->__get('imagen')
#2 /Applications/XAMPP/xamppfiles/htdocs/marenasa/protected/views/productos/index.php(39): CModel->offsetGet('imagen')
#3 /Applications/XAMPP/xamppfiles/htdocs/yii/framework/web/CBaseController.php(126): require('/Applications/X...')
#4 /Applications/XAMPP/xamppfiles/htdocs/yii/framework/web/CBaseController.php(95): CBaseController->renderInternal('/Applications/X...', Array, true)
#5 /Applications/XAMPP/xamppfiles/htdocs/yii/framework/web/CController.php(869): CBaseController->renderFile('/Applications/X...', Array, true)
#6 /Applications/XAMPP/xamppfiles/htdocs/yii/framework/web/CController.php(782): CController->renderPartial('index', Array, true)
#7 /Applications/XAMPP/xamppfiles/htdocs/marenasa/protected/controllers/ProductosController.php(8): CController->render('index', Array)
#8 /Applications/XAMPP/xamppfiles/htdocs/yii/framework/web/actions/CInlineAction.php(49): ProductosController->actionIndex()
#9 /Applications/XAMPP/xamppfiles/htdocs/yii/framework/web/CController.php(308): CInlineAction->runWithParams(Array)
#10 /Applications/XAMPP/xamppfiles/htdocs/yii/framework/web/CController.php(286): CController->runAction(Object(CInlineAction))
#11 /Applications/XAMPP/xamppfiles/htdocs/yii/framework/web/CController.php(265): CController->runActionWithFilters(Object(CInlineAction), Array)
#12 /Applications/XAMPP/xamppfiles/htdocs/yii/framework/web/CWebApplication.php(282): CController->run('')
#13 /Applications/XAMPP/xamppfiles/htdocs/yii/framework/web/CWebApplication.php(141): CWebApplication->runController('productos')
#14 /Applications/XAMPP/xamppfiles/htdocs/yii/framework/base/CApplication.php(184): CWebApplication->processRequest()
#15 /Applications/XAMPP/xamppfiles/htdocs/marenasa/index.php(13): CApplication->run()
#16 {main}
REQUEST_URI=/marenasa/index.php/productos
---
